{"level":"INFO","message":"[3:18:26.223 PM]: Creating new connection object"}
{"level":"INFO","message":"[3:18:26.211 PM]: Creating new connection object"}
{"level":"INFO","message":"[3:18:26.214 PM]: Creating new connection object"}
{"level":"INFO","message":"[3:18:26.235 PM]: Creating new connection object"}
{"level":"INFO","message":"[3:18:26.233 PM]: Creating Connection[id: 030a42c8-4154-4460-8692-be60b49d04c0] with host: ZD67566.snowflakecomputing.com, account: ZD67566, accessUrl: https://ZD67566.snowflakecomputing.com, user: aditigeorge, role: undefined, database: EMR_ANALYTICS, schema: PUBLIC, warehouse: COMPUTE_WH, proxy was not configured, password is provided, region: undefined, authenticator: SNOWFLAKE, ocsp mode: FAIL_OPEN, os: win32, os version: 10.0.22631"}
{"level":"INFO","message":"[3:18:26.244 PM]: Connection[id: 030a42c8-4154-4460-8692-be60b49d04c0] additional details: passcode in password is provided, passcode is not provided, private key is not provided, application: undefined, client name: snowflake-sdk, client version: 2.4.0, retry timeout: 300, private key path: undefined, private key pass is not provided, client store temporary credential: false, browser response timeout: 120000"}
{"level":"INFO","message":"[3:18:26.245 PM]: Connection[id: 030a42c8-4154-4460-8692-be60b49d04c0] - connection object created successfully."}
{"level":"INFO","message":"[3:18:26.247 PM]: Connection[id: 030a42c8-4154-4460-8692-be60b49d04c0] - async connecting. Associated Snowflake domain: GLOBAL"}
{"level":"INFO","message":"[3:18:26.248 PM]: Trying to initialize Easy Logging"}
{"level":"INFO","message":"[3:18:26.302 PM]: No client config detected."}
{"level":"INFO","message":"[3:18:26.312 PM]: No config file path found. Client config will not be used."}
{"level":"INFO","message":"[3:18:26.316 PM]: Easy Logging is disabled as no config has been found"}
{"level":"INFO","message":"[3:18:26.319 PM]: Connection[id: 030a42c8-4154-4460-8692-be60b49d04c0] - authentication successful using: SNOWFLAKE"}
{"level":"INFO","message":"[3:18:26.251 PM]: Creating Connection[id: e5a62dd2-852a-4301-a6c3-3b3b65230625] with host: ZD67566.snowflakecomputing.com, account: ZD67566, accessUrl: https://ZD67566.snowflakecomputing.com, user: aditigeorge, role: undefined, database: EMR_ANALYTICS, schema: PUBLIC, warehouse: COMPUTE_WH, proxy was not configured, password is provided, region: undefined, authenticator: SNOWFLAKE, ocsp mode: FAIL_OPEN, os: win32, os version: 10.0.22631"}
{"level":"INFO","message":"[3:18:26.256 PM]: Connection[id: e5a62dd2-852a-4301-a6c3-3b3b65230625] additional details: passcode in password is provided, passcode is not provided, private key is not provided, application: undefined, client name: snowflake-sdk, client version: 2.4.0, retry timeout: 300, private key path: undefined, private key pass is not provided, client store temporary credential: false, browser response timeout: 120000"}
{"level":"INFO","message":"[3:18:26.259 PM]: Connection[id: e5a62dd2-852a-4301-a6c3-3b3b65230625] - connection object created successfully."}
{"level":"INFO","message":"[3:18:26.261 PM]: Connection[id: e5a62dd2-852a-4301-a6c3-3b3b65230625] - async connecting. Associated Snowflake domain: GLOBAL"}
{"level":"INFO","message":"[3:18:26.262 PM]: Trying to initialize Easy Logging"}
{"level":"INFO","message":"[3:18:26.414 PM]: No client config detected."}
{"level":"INFO","message":"[3:18:26.434 PM]: No config file path found. Client config will not be used."}
{"level":"INFO","message":"[3:18:26.466 PM]: Easy Logging is disabled as no config has been found"}
{"level":"INFO","message":"[3:18:26.468 PM]: Connection[id: e5a62dd2-852a-4301-a6c3-3b3b65230625] - authentication successful using: SNOWFLAKE"}
{"level":"INFO","message":"[3:18:26.286 PM]: Creating Connection[id: 223f3d8b-35a2-4a61-9912-2410b101c219] with host: ZD67566.snowflakecomputing.com, account: ZD67566, accessUrl: https://ZD67566.snowflakecomputing.com, user: aditigeorge, role: undefined, database: EMR_ANALYTICS, schema: PUBLIC, warehouse: COMPUTE_WH, proxy was not configured, password is provided, region: undefined, authenticator: SNOWFLAKE, ocsp mode: FAIL_OPEN, os: win32, os version: 10.0.22631"}
{"level":"INFO","message":"[3:18:26.304 PM]: Connection[id: 223f3d8b-35a2-4a61-9912-2410b101c219] additional details: passcode in password is provided, passcode is not provided, private key is not provided, application: undefined, client name: snowflake-sdk, client version: 2.4.0, retry timeout: 300, private key path: undefined, private key pass is not provided, client store temporary credential: false, browser response timeout: 120000"}
{"level":"INFO","message":"[3:18:26.311 PM]: Connection[id: 223f3d8b-35a2-4a61-9912-2410b101c219] - connection object created successfully."}
{"level":"INFO","message":"[3:18:26.314 PM]: Connection[id: 223f3d8b-35a2-4a61-9912-2410b101c219] - async connecting. Associated Snowflake domain: GLOBAL"}
{"level":"INFO","message":"[3:18:26.315 PM]: Trying to initialize Easy Logging"}
{"level":"INFO","message":"[3:18:26.445 PM]: No client config detected."}
{"level":"INFO","message":"[3:18:26.467 PM]: No config file path found. Client config will not be used."}
{"level":"INFO","message":"[3:18:26.469 PM]: Easy Logging is disabled as no config has been found"}
{"level":"INFO","message":"[3:18:26.479 PM]: Connection[id: 223f3d8b-35a2-4a61-9912-2410b101c219] - authentication successful using: SNOWFLAKE"}
{"level":"INFO","message":"[3:18:26.266 PM]: Creating Connection[id: 8cafb274-d041-4185-af69-422aadeab414] with host: ZD67566.snowflakecomputing.com, account: ZD67566, accessUrl: https://ZD67566.snowflakecomputing.com, user: aditigeorge, role: undefined, database: EMR_ANALYTICS, schema: PUBLIC, warehouse: COMPUTE_WH, proxy was not configured, password is provided, region: undefined, authenticator: SNOWFLAKE, ocsp mode: FAIL_OPEN, os: win32, os version: 10.0.22631"}
{"level":"INFO","message":"[3:18:26.284 PM]: Connection[id: 8cafb274-d041-4185-af69-422aadeab414] additional details: passcode in password is provided, passcode is not provided, private key is not provided, application: undefined, client name: snowflake-sdk, client version: 2.4.0, retry timeout: 300, private key path: undefined, private key pass is not provided, client store temporary credential: false, browser response timeout: 120000"}
{"level":"INFO","message":"[3:18:26.303 PM]: Connection[id: 8cafb274-d041-4185-af69-422aadeab414] - connection object created successfully."}
{"level":"INFO","message":"[3:18:26.313 PM]: Connection[id: 8cafb274-d041-4185-af69-422aadeab414] - async connecting. Associated Snowflake domain: GLOBAL"}
{"level":"INFO","message":"[3:18:26.318 PM]: Trying to initialize Easy Logging"}
{"level":"INFO","message":"[3:18:26.444 PM]: No client config detected."}
{"level":"INFO","message":"[3:18:26.467 PM]: No config file path found. Client config will not be used."}
{"level":"INFO","message":"[3:18:26.470 PM]: Easy Logging is disabled as no config has been found"}
{"level":"INFO","message":"[3:18:26.482 PM]: Connection[id: 8cafb274-d041-4185-af69-422aadeab414] - authentication successful using: SNOWFLAKE"}
{"level":"ERROR","message":"[3:18:28.082 PM]: Connection[id: e5a62dd2-852a-4301-a6c3-3b3b65230625] - connection failed after 1821.15 milliseconds. Error: Request to Snowflake failed."}
{"level":"ERROR","message":"[3:18:28.243 PM]: Connection[id: 030a42c8-4154-4460-8692-be60b49d04c0] - connection failed after 1996.33 milliseconds. Error: Request to Snowflake failed."}
{"level":"ERROR","message":"[3:18:28.292 PM]: Connection[id: 8cafb274-d041-4185-af69-422aadeab414] - connection failed after 1977.83 milliseconds. Error: Request to Snowflake failed."}
{"level":"ERROR","message":"[3:18:28.330 PM]: Connection[id: 223f3d8b-35a2-4a61-9912-2410b101c219] - connection failed after 2016.65 milliseconds. Error: Request to Snowflake failed."}
{"level":"INFO","message":"[3:26:57.358 PM]: Creating new connection object"}
{"level":"INFO","message":"[3:26:57.408 PM]: Creating Connection[id: bad25b79-17fb-4e55-be77-efdab3a2218a] with host: ZD67566.snowflakecomputing.com, account: ZD67566, accessUrl: https://ZD67566.snowflakecomputing.com, user: aditigeorge, role: undefined, database: EMR_ANALYTICS, schema: PUBLIC, warehouse: COMPUTE_WH, proxy was not configured, password is provided, region: undefined, authenticator: SNOWFLAKE, ocsp mode: FAIL_OPEN, os: win32, os version: 10.0.22631"}
{"level":"INFO","message":"[3:26:57.410 PM]: Connection[id: bad25b79-17fb-4e55-be77-efdab3a2218a] additional details: passcode in password is provided, passcode is not provided, private key is not provided, application: undefined, client name: snowflake-sdk, client version: 2.4.0, retry timeout: 300, private key path: undefined, private key pass is not provided, client store temporary credential: false, browser response timeout: 120000"}
{"level":"INFO","message":"[3:26:57.411 PM]: Connection[id: bad25b79-17fb-4e55-be77-efdab3a2218a] - connection object created successfully."}
{"level":"INFO","message":"[3:26:57.413 PM]: Connection[id: bad25b79-17fb-4e55-be77-efdab3a2218a] - async connecting. Associated Snowflake domain: GLOBAL"}
{"level":"INFO","message":"[3:26:57.414 PM]: Trying to initialize Easy Logging"}
{"level":"INFO","message":"[3:26:57.423 PM]: No client config detected."}
{"level":"INFO","message":"[3:26:57.424 PM]: No config file path found. Client config will not be used."}
{"level":"INFO","message":"[3:26:57.424 PM]: Easy Logging is disabled as no config has been found"}
{"level":"INFO","message":"[3:26:57.425 PM]: Connection[id: bad25b79-17fb-4e55-be77-efdab3a2218a] - authentication successful using: SNOWFLAKE"}
{"level":"ERROR","message":"[3:26:58.720 PM]: Connection[id: bad25b79-17fb-4e55-be77-efdab3a2218a] - connection failed after 1307.24 milliseconds. Error: Request to Snowflake failed."}
{"level":"INFO","message":"[3:31:43.548 PM]: Creating new connection object"}
{"level":"INFO","message":"[3:31:43.563 PM]: Creating Connection[id: e0558ff9-e889-4768-955b-493ef6289fe1] with host: ZD67566.snowflakecomputing.com, account: ZD67566, accessUrl: https://ZD67566.snowflakecomputing.com, user: aditigeorge, role: undefined, database: EMR_ANALYTICS, schema: PUBLIC, warehouse: COMPUTE_WH, proxy was not configured, password is provided, region: undefined, authenticator: SNOWFLAKE, ocsp mode: FAIL_OPEN, os: win32, os version: 10.0.22631"}
{"level":"INFO","message":"[3:31:43.563 PM]: Connection[id: e0558ff9-e889-4768-955b-493ef6289fe1] additional details: passcode in password is provided, passcode is not provided, private key is not provided, application: undefined, client name: snowflake-sdk, client version: 2.4.0, retry timeout: 300, private key path: undefined, private key pass is not provided, client store temporary credential: false, browser response timeout: 120000"}
{"level":"INFO","message":"[3:31:43.565 PM]: Connection[id: e0558ff9-e889-4768-955b-493ef6289fe1] - connection object created successfully."}
{"level":"INFO","message":"[3:31:43.566 PM]: Connection[id: e0558ff9-e889-4768-955b-493ef6289fe1] - async connecting. Associated Snowflake domain: GLOBAL"}
{"level":"INFO","message":"[3:31:43.568 PM]: Connection[id: e0558ff9-e889-4768-955b-493ef6289fe1] - authentication successful using: SNOWFLAKE"}
{"level":"ERROR","message":"[3:31:44.004 PM]: Connection[id: e0558ff9-e889-4768-955b-493ef6289fe1] - connection failed after 437.2 milliseconds. Error: Request to Snowflake failed."}
{"level":"INFO","message":"[3:36:04.175 PM]: Creating new connection object"}
{"level":"INFO","message":"[3:36:04.197 PM]: Creating Connection[id: 1f1a3f23-fd01-4f93-b9c8-ac7c169156dc] with host: ZD67566.snowflakecomputing.com, account: ZD67566, accessUrl: https://ZD67566.snowflakecomputing.com, user: aditigeorge, role: undefined, database: EMR_ANALYTICS, schema: PUBLIC, warehouse: COMPUTE_WH, proxy was not configured, password is provided, region: undefined, authenticator: SNOWFLAKE, ocsp mode: FAIL_OPEN, os: win32, os version: 10.0.22631"}
{"level":"INFO","message":"[3:36:04.199 PM]: Connection[id: 1f1a3f23-fd01-4f93-b9c8-ac7c169156dc] additional details: passcode in password is provided, passcode is not provided, private key is not provided, application: undefined, client name: snowflake-sdk, client version: 2.4.0, retry timeout: 300, private key path: undefined, private key pass is not provided, client store temporary credential: false, browser response timeout: 120000"}
{"level":"INFO","message":"[3:36:04.201 PM]: Connection[id: 1f1a3f23-fd01-4f93-b9c8-ac7c169156dc] - connection object created successfully."}
{"level":"INFO","message":"[3:36:04.201 PM]: Connection[id: 1f1a3f23-fd01-4f93-b9c8-ac7c169156dc] - async connecting. Associated Snowflake domain: GLOBAL"}
{"level":"INFO","message":"[3:36:04.203 PM]: Connection[id: 1f1a3f23-fd01-4f93-b9c8-ac7c169156dc] - authentication successful using: SNOWFLAKE"}
{"level":"ERROR","message":"[3:36:05.026 PM]: Connection[id: 1f1a3f23-fd01-4f93-b9c8-ac7c169156dc] - connection failed after 824.2 milliseconds. Error: Request to Snowflake failed."}
{"level":"INFO","message":"[3:36:19.696 PM]: Creating new connection object"}
{"level":"INFO","message":"[3:36:19.731 PM]: Creating Connection[id: 0cacd5f0-609e-4c51-bb8d-55c4c4cadf4c] with host: ZD67566.snowflakecomputing.com, account: ZD67566, accessUrl: https://ZD67566.snowflakecomputing.com, user: aditigeorge, role: undefined, database: EMR_ANALYTICS, schema: PUBLIC, warehouse: COMPUTE_WH, proxy was not configured, password is provided, region: undefined, authenticator: SNOWFLAKE, ocsp mode: FAIL_OPEN, os: win32, os version: 10.0.22631"}
{"level":"INFO","message":"[3:36:19.747 PM]: Connection[id: 0cacd5f0-609e-4c51-bb8d-55c4c4cadf4c] additional details: passcode in password is provided, passcode is not provided, private key is not provided, application: undefined, client name: snowflake-sdk, client version: 2.4.0, retry timeout: 300, private key path: undefined, private key pass is not provided, client store temporary credential: false, browser response timeout: 120000"}
{"level":"INFO","message":"[3:36:19.747 PM]: Connection[id: 0cacd5f0-609e-4c51-bb8d-55c4c4cadf4c] - connection object created successfully."}
{"level":"INFO","message":"[3:36:19.750 PM]: Connection[id: 0cacd5f0-609e-4c51-bb8d-55c4c4cadf4c] - async connecting. Associated Snowflake domain: GLOBAL"}
{"level":"INFO","message":"[3:36:19.751 PM]: Connection[id: 0cacd5f0-609e-4c51-bb8d-55c4c4cadf4c] - authentication successful using: SNOWFLAKE"}
{"level":"ERROR","message":"[3:36:20.191 PM]: Connection[id: 0cacd5f0-609e-4c51-bb8d-55c4c4cadf4c] - connection failed after 440.39 milliseconds. Error: Request to Snowflake failed."}
{"level":"INFO","message":"[3:36:51.810 PM]: Creating new connection object"}
{"level":"INFO","message":"[3:36:51.901 PM]: Creating Connection[id: 109b7a2b-f286-41c5-a808-942483ade203] with host: ZD67566.snowflakecomputing.com, account: ZD67566, accessUrl: https://ZD67566.snowflakecomputing.com, user: ADITIGEORGE, role: undefined, database: EMR_ANALYTICS, schema: PUBLIC, warehouse: COMPUTE_WH, proxy was not configured, password is provided, region: undefined, authenticator: SNOWFLAKE, ocsp mode: FAIL_OPEN, os: win32, os version: 10.0.22631"}
{"level":"INFO","message":"[3:36:51.905 PM]: Connection[id: 109b7a2b-f286-41c5-a808-942483ade203] additional details: passcode in password is provided, passcode is not provided, private key is not provided, application: undefined, client name: snowflake-sdk, client version: 2.4.0, retry timeout: 300, private key path: undefined, private key pass is not provided, client store temporary credential: false, browser response timeout: 120000"}
{"level":"INFO","message":"[3:36:51.908 PM]: Connection[id: 109b7a2b-f286-41c5-a808-942483ade203] - connection object created successfully."}
{"level":"INFO","message":"[3:36:51.910 PM]: Connection[id: 109b7a2b-f286-41c5-a808-942483ade203] - async connecting. Associated Snowflake domain: GLOBAL"}
{"level":"INFO","message":"[3:36:51.912 PM]: Trying to initialize Easy Logging"}
{"level":"INFO","message":"[3:36:51.923 PM]: No client config detected."}
{"level":"INFO","message":"[3:36:51.924 PM]: No config file path found. Client config will not be used."}
{"level":"INFO","message":"[3:36:51.924 PM]: Easy Logging is disabled as no config has been found"}
{"level":"INFO","message":"[3:36:51.926 PM]: Connection[id: 109b7a2b-f286-41c5-a808-942483ade203] - authentication successful using: SNOWFLAKE"}
{"level":"ERROR","message":"[3:36:53.276 PM]: Connection[id: 109b7a2b-f286-41c5-a808-942483ade203] - connection failed after 1365.95 milliseconds. Error: Request to Snowflake failed."}
{"level":"INFO","message":"[3:39:27.048 PM]: Creating new connection object"}
{"level":"INFO","message":"[3:39:27.118 PM]: Creating Connection[id: c26b0012-af74-41bc-a242-c89103dbcf8d] with host: ZD67566.snowflakecomputing.com, account: ZD67566, accessUrl: https://ZD67566.snowflakecomputing.com, user: ADITIGEORGE, role: undefined, database: EMR_ANALYTICS, schema: PUBLIC, warehouse: COMPUTE_WH, proxy was not configured, password is provided, region: undefined, authenticator: SNOWFLAKE, ocsp mode: FAIL_OPEN, os: win32, os version: 10.0.22631"}
{"level":"INFO","message":"[3:39:27.138 PM]: Connection[id: c26b0012-af74-41bc-a242-c89103dbcf8d] additional details: passcode in password is provided, passcode is not provided, private key is not provided, application: undefined, client name: snowflake-sdk, client version: 2.4.0, retry timeout: 300, private key path: undefined, private key pass is not provided, client store temporary credential: false, browser response timeout: 120000"}
{"level":"INFO","message":"[3:39:27.141 PM]: Connection[id: c26b0012-af74-41bc-a242-c89103dbcf8d] - connection object created successfully."}
{"level":"INFO","message":"[3:39:27.144 PM]: Connection[id: c26b0012-af74-41bc-a242-c89103dbcf8d] - async connecting. Associated Snowflake domain: GLOBAL"}
{"level":"INFO","message":"[3:39:27.145 PM]: Connection[id: c26b0012-af74-41bc-a242-c89103dbcf8d] - authentication successful using: SNOWFLAKE"}
{"level":"ERROR","message":"[3:39:27.522 PM]: Connection[id: c26b0012-af74-41bc-a242-c89103dbcf8d] - connection failed after 378.55 milliseconds. Error: Request to Snowflake failed."}
{"level":"INFO","message":"[3:51:33.592 PM]: Creating new connection object"}
{"level":"INFO","message":"[3:51:33.622 PM]: Creating Connection[id: b109cb33-330c-4945-ab8c-0497a1f9479d] with host: ZD67566.snowflakecomputing.com, account: ZD67566, accessUrl: https://ZD67566.snowflakecomputing.com, user: ADITIGEORGE, role: undefined, database: EMR_ANALYTICS, schema: PUBLIC, warehouse: COMPUTE_WH, proxy was not configured, password is provided, region: undefined, authenticator: SNOWFLAKE, ocsp mode: FAIL_OPEN, os: win32, os version: 10.0.22631"}
{"level":"INFO","message":"[3:51:33.624 PM]: Connection[id: b109cb33-330c-4945-ab8c-0497a1f9479d] additional details: passcode in password is provided, passcode is not provided, private key is not provided, application: undefined, client name: snowflake-sdk, client version: 2.4.0, retry timeout: 300, private key path: undefined, private key pass is not provided, client store temporary credential: false, browser response timeout: 120000"}
{"level":"INFO","message":"[3:51:33.626 PM]: Connection[id: b109cb33-330c-4945-ab8c-0497a1f9479d] - connection object created successfully."}
{"level":"INFO","message":"[3:51:33.627 PM]: Connection[id: b109cb33-330c-4945-ab8c-0497a1f9479d] - async connecting. Associated Snowflake domain: GLOBAL"}
{"level":"INFO","message":"[3:51:33.628 PM]: Connection[id: b109cb33-330c-4945-ab8c-0497a1f9479d] - authentication successful using: SNOWFLAKE"}
{"level":"ERROR","message":"[3:51:34.021 PM]: Connection[id: b109cb33-330c-4945-ab8c-0497a1f9479d] - connection failed after 394.19 milliseconds. Error: Request to Snowflake failed."}
{"level":"INFO","message":"[4:00:30.832 PM]: Creating new connection object"}
{"level":"INFO","message":"[4:00:30.838 PM]: Creating Connection[id: 8ccc3759-3b21-4779-8b92-63839ef0879c] with host: ZD67566.snowflakecomputing.com, account: ZD67566, accessUrl: https://ZD67566.snowflakecomputing.com, user: ADITIGEORGE, role: undefined, database: EMR_ANALYTICS, schema: PUBLIC, warehouse: COMPUTE_WH, proxy was not configured, password is provided, region: undefined, authenticator: SNOWFLAKE, ocsp mode: FAIL_OPEN, os: win32, os version: 10.0.22631"}
{"level":"INFO","message":"[4:00:30.840 PM]: Connection[id: 8ccc3759-3b21-4779-8b92-63839ef0879c] additional details: passcode in password is provided, passcode is not provided, private key is not provided, application: undefined, client name: snowflake-sdk, client version: 2.4.0, retry timeout: 300, private key path: undefined, private key pass is not provided, client store temporary credential: false, browser response timeout: 120000"}
{"level":"INFO","message":"[4:00:30.923 PM]: Connection[id: 8ccc3759-3b21-4779-8b92-63839ef0879c] - connection object created successfully."}
{"level":"INFO","message":"[4:00:30.941 PM]: Connection[id: 8ccc3759-3b21-4779-8b92-63839ef0879c] - async connecting. Associated Snowflake domain: GLOBAL"}
{"level":"INFO","message":"[4:00:30.948 PM]: Connection[id: 8ccc3759-3b21-4779-8b92-63839ef0879c] - authentication successful using: SNOWFLAKE"}
{"level":"ERROR","message":"[4:00:31.388 PM]: Connection[id: 8ccc3759-3b21-4779-8b92-63839ef0879c] - connection failed after 446.7 milliseconds. Error: Request to Snowflake failed."}
{"level":"INFO","message":"[4:05:03.481 PM]: Creating new connection object"}
{"level":"INFO","message":"[4:05:03.545 PM]: Creating Connection[id: 6306d2c2-bd39-4dde-a127-a58b49463b57] with host: ZD67566.snowflakecomputing.com, account: ZD67566, accessUrl: https://ZD67566.snowflakecomputing.com, user: ADITIGEORGE, role: undefined, database: EMR_ANALYTICS, schema: PUBLIC, warehouse: COMPUTE_WH, proxy was not configured, password is provided, region: undefined, authenticator: SNOWFLAKE, ocsp mode: FAIL_OPEN, os: win32, os version: 10.0.22631"}
{"level":"INFO","message":"[4:05:03.550 PM]: Connection[id: 6306d2c2-bd39-4dde-a127-a58b49463b57] additional details: passcode in password is provided, passcode is not provided, private key is not provided, application: undefined, client name: snowflake-sdk, client version: 2.4.0, retry timeout: 300, private key path: undefined, private key pass is not provided, client store temporary credential: false, browser response timeout: 120000"}
{"level":"INFO","message":"[4:05:03.553 PM]: Connection[id: 6306d2c2-bd39-4dde-a127-a58b49463b57] - connection object created successfully."}
{"level":"INFO","message":"[4:05:03.559 PM]: Connection[id: 6306d2c2-bd39-4dde-a127-a58b49463b57] - async connecting. Associated Snowflake domain: GLOBAL"}
{"level":"INFO","message":"[4:05:03.562 PM]: Connection[id: 6306d2c2-bd39-4dde-a127-a58b49463b57] - authentication successful using: SNOWFLAKE"}
{"level":"ERROR","message":"[4:05:04.030 PM]: Connection[id: 6306d2c2-bd39-4dde-a127-a58b49463b57] - connection failed after 471.3 milliseconds. Error: Request to Snowflake failed."}
{"level":"INFO","message":"[4:05:58.409 PM]: Creating new connection object"}
{"level":"INFO","message":"[4:05:58.510 PM]: Creating Connection[id: 3b24e009-57cf-4016-b28a-077a9a985f6c] with host: QPNLZEM-ZD67566.snowflakecomputing.com, account: QPNLZEM-ZD67566, accessUrl: https://QPNLZEM-ZD67566.snowflakecomputing.com, user: ADITIGEORGE, role: undefined, database: EMR_ANALYTICS, schema: PUBLIC, warehouse: COMPUTE_WH, proxy was not configured, password is provided, region: undefined, authenticator: SNOWFLAKE, ocsp mode: FAIL_OPEN, os: win32, os version: 10.0.22631"}
{"level":"INFO","message":"[4:05:58.512 PM]: Connection[id: 3b24e009-57cf-4016-b28a-077a9a985f6c] additional details: passcode in password is provided, passcode is not provided, private key is not provided, application: undefined, client name: snowflake-sdk, client version: 2.4.0, retry timeout: 300, private key path: undefined, private key pass is not provided, client store temporary credential: false, browser response timeout: 120000"}
{"level":"INFO","message":"[4:05:58.514 PM]: Connection[id: 3b24e009-57cf-4016-b28a-077a9a985f6c] - connection object created successfully."}
{"level":"INFO","message":"[4:05:58.517 PM]: Connection[id: 3b24e009-57cf-4016-b28a-077a9a985f6c] - async connecting. Associated Snowflake domain: GLOBAL"}
{"level":"INFO","message":"[4:05:58.519 PM]: Trying to initialize Easy Logging"}
{"level":"INFO","message":"[4:05:58.535 PM]: No client config detected."}
{"level":"INFO","message":"[4:05:58.536 PM]: No config file path found. Client config will not be used."}
{"level":"INFO","message":"[4:05:58.539 PM]: Easy Logging is disabled as no config has been found"}
{"level":"INFO","message":"[4:05:58.542 PM]: Connection[id: 3b24e009-57cf-4016-b28a-077a9a985f6c] - authentication successful using: SNOWFLAKE"}
{"level":"INFO","message":"[4:06:00.134 PM]: Connection[id: 3b24e009-57cf-4016-b28a-077a9a985f6c] - connection established successfully after 1617.45 milliseconds"}
{"level":"INFO","message":"[4:23:45.422 PM]: Creating new connection object"}
{"level":"INFO","message":"[4:23:45.446 PM]: Creating Connection[id: 456ede4e-d085-4873-8303-a543401e0360] with host: QPNLZEM-ZD67566.snowflakecomputing.com, account: QPNLZEM-ZD67566, accessUrl: https://QPNLZEM-ZD67566.snowflakecomputing.com, user: ADITIGEORGE, role: undefined, database: EMR_ANALYTICS, schema: PUBLIC, warehouse: COMPUTE_WH, proxy was not configured, password is provided, region: undefined, authenticator: SNOWFLAKE, ocsp mode: FAIL_OPEN, os: win32, os version: 10.0.22631"}
{"level":"INFO","message":"[4:23:45.447 PM]: Connection[id: 456ede4e-d085-4873-8303-a543401e0360] additional details: passcode in password is provided, passcode is not provided, private key is not provided, application: undefined, client name: snowflake-sdk, client version: 2.4.0, retry timeout: 300, private key path: undefined, private key pass is not provided, client store temporary credential: false, browser response timeout: 120000"}
{"level":"INFO","message":"[4:23:45.448 PM]: Connection[id: 456ede4e-d085-4873-8303-a543401e0360] - connection object created successfully."}
{"level":"INFO","message":"[4:23:45.449 PM]: Connection[id: 456ede4e-d085-4873-8303-a543401e0360] - async connecting. Associated Snowflake domain: GLOBAL"}
{"level":"INFO","message":"[4:23:45.451 PM]: Connection[id: 456ede4e-d085-4873-8303-a543401e0360] - authentication successful using: SNOWFLAKE"}
{"level":"INFO","message":"[4:23:46.262 PM]: Connection[id: 456ede4e-d085-4873-8303-a543401e0360] - connection established successfully after 812.18 milliseconds"}
{"level":"INFO","message":"[4:23:46.598 PM]: Creating new connection object"}
{"level":"INFO","message":"[4:23:46.601 PM]: Creating Connection[id: 464fb51f-ffb0-45cd-891d-fbcf461bc309] with host: QPNLZEM-ZD67566.snowflakecomputing.com, account: QPNLZEM-ZD67566, accessUrl: https://QPNLZEM-ZD67566.snowflakecomputing.com, user: ADITIGEORGE, role: undefined, database: EMR_ANALYTICS, schema: PUBLIC, warehouse: COMPUTE_WH, proxy was not configured, password is provided, region: undefined, authenticator: SNOWFLAKE, ocsp mode: FAIL_OPEN, os: win32, os version: 10.0.22631"}
{"level":"INFO","message":"[4:23:46.602 PM]: Connection[id: 464fb51f-ffb0-45cd-891d-fbcf461bc309] additional details: passcode in password is provided, passcode is not provided, private key is not provided, application: undefined, client name: snowflake-sdk, client version: 2.4.0, retry timeout: 300, private key path: undefined, private key pass is not provided, client store temporary credential: false, browser response timeout: 120000"}
{"level":"INFO","message":"[4:23:46.603 PM]: Connection[id: 464fb51f-ffb0-45cd-891d-fbcf461bc309] - connection object created successfully."}
{"level":"INFO","message":"[4:23:46.604 PM]: Connection[id: 464fb51f-ffb0-45cd-891d-fbcf461bc309] - async connecting. Associated Snowflake domain: GLOBAL"}
{"level":"INFO","message":"[4:23:46.605 PM]: Connection[id: 464fb51f-ffb0-45cd-891d-fbcf461bc309] - authentication successful using: SNOWFLAKE"}
{"level":"INFO","message":"[4:23:47.277 PM]: Connection[id: 464fb51f-ffb0-45cd-891d-fbcf461bc309] - connection established successfully after 672.62 milliseconds"}
{"level":"INFO","message":"[4:23:47.326 PM]: Creating new connection object"}
{"level":"INFO","message":"[4:23:47.342 PM]: Creating Connection[id: 4805bff5-ebd9-481f-a08c-8eddf373153f] with host: QPNLZEM-ZD67566.snowflakecomputing.com, account: QPNLZEM-ZD67566, accessUrl: https://QPNLZEM-ZD67566.snowflakecomputing.com, user: ADITIGEORGE, role: undefined, database: EMR_ANALYTICS, schema: PUBLIC, warehouse: COMPUTE_WH, proxy was not configured, password is provided, region: undefined, authenticator: SNOWFLAKE, ocsp mode: FAIL_OPEN, os: win32, os version: 10.0.22631"}
{"level":"INFO","message":"[4:23:47.346 PM]: Connection[id: 4805bff5-ebd9-481f-a08c-8eddf373153f] additional details: passcode in password is provided, passcode is not provided, private key is not provided, application: undefined, client name: snowflake-sdk, client version: 2.4.0, retry timeout: 300, private key path: undefined, private key pass is not provided, client store temporary credential: false, browser response timeout: 120000"}
{"level":"INFO","message":"[4:23:47.348 PM]: Connection[id: 4805bff5-ebd9-481f-a08c-8eddf373153f] - connection object created successfully."}
{"level":"INFO","message":"[4:23:47.349 PM]: Connection[id: 4805bff5-ebd9-481f-a08c-8eddf373153f] - async connecting. Associated Snowflake domain: GLOBAL"}
{"level":"INFO","message":"[4:23:47.350 PM]: Connection[id: 4805bff5-ebd9-481f-a08c-8eddf373153f] - authentication successful using: SNOWFLAKE"}
{"level":"INFO","message":"[4:23:47.586 PM]: Connection[id: 4805bff5-ebd9-481f-a08c-8eddf373153f] - connection established successfully after 237.08 milliseconds"}
{"level":"INFO","message":"[4:23:47.897 PM]: Creating new connection object"}
{"level":"INFO","message":"[4:23:47.898 PM]: Creating Connection[id: 911d873c-4380-4948-bbf6-5bb16af4bd65] with host: QPNLZEM-ZD67566.snowflakecomputing.com, account: QPNLZEM-ZD67566, accessUrl: https://QPNLZEM-ZD67566.snowflakecomputing.com, user: ADITIGEORGE, role: undefined, database: EMR_ANALYTICS, schema: PUBLIC, warehouse: COMPUTE_WH, proxy was not configured, password is provided, region: undefined, authenticator: SNOWFLAKE, ocsp mode: FAIL_OPEN, os: win32, os version: 10.0.22631"}
{"level":"INFO","message":"[4:23:47.899 PM]: Connection[id: 911d873c-4380-4948-bbf6-5bb16af4bd65] additional details: passcode in password is provided, passcode is not provided, private key is not provided, application: undefined, client name: snowflake-sdk, client version: 2.4.0, retry timeout: 300, private key path: undefined, private key pass is not provided, client store temporary credential: false, browser response timeout: 120000"}
{"level":"INFO","message":"[4:23:47.900 PM]: Connection[id: 911d873c-4380-4948-bbf6-5bb16af4bd65] - connection object created successfully."}
{"level":"INFO","message":"[4:23:47.900 PM]: Connection[id: 911d873c-4380-4948-bbf6-5bb16af4bd65] - async connecting. Associated Snowflake domain: GLOBAL"}
{"level":"INFO","message":"[4:23:47.900 PM]: Connection[id: 911d873c-4380-4948-bbf6-5bb16af4bd65] - authentication successful using: SNOWFLAKE"}
{"level":"INFO","message":"[4:23:48.915 PM]: Connection[id: 911d873c-4380-4948-bbf6-5bb16af4bd65] - connection established successfully after 1015 milliseconds"}
{"level":"INFO","message":"[11:18:12.691 AM]: Creating new connection object"}
{"level":"INFO","message":"[11:18:12.771 AM]: Creating Connection[id: 6136f764-182b-4d2e-87c8-e76a04cd1021] with host: QPNLZEM-ZD67566.snowflakecomputing.com, account: QPNLZEM-ZD67566, accessUrl: https://QPNLZEM-ZD67566.snowflakecomputing.com, user: ADITIGEORGE, role: undefined, database: EMR_ANALYTICS, schema: PUBLIC, warehouse: COMPUTE_WH, proxy was not configured, password is provided, region: undefined, authenticator: SNOWFLAKE, ocsp mode: FAIL_OPEN, os: win32, os version: 10.0.22631"}
{"level":"INFO","message":"[11:18:12.779 AM]: Connection[id: 6136f764-182b-4d2e-87c8-e76a04cd1021] additional details: passcode in password is provided, passcode is not provided, private key is not provided, application: undefined, client name: snowflake-sdk, client version: 2.4.0, retry timeout: 300, private key path: undefined, private key pass is not provided, client store temporary credential: false, browser response timeout: 120000"}
{"level":"INFO","message":"[11:18:12.788 AM]: Connection[id: 6136f764-182b-4d2e-87c8-e76a04cd1021] - connection object created successfully."}
{"level":"INFO","message":"[11:18:12.789 AM]: Connection[id: 6136f764-182b-4d2e-87c8-e76a04cd1021] - async connecting. Associated Snowflake domain: GLOBAL"}
{"level":"INFO","message":"[11:18:12.791 AM]: Trying to initialize Easy Logging"}
{"level":"INFO","message":"[11:18:12.805 AM]: No client config detected."}
{"level":"INFO","message":"[11:18:12.805 AM]: No config file path found. Client config will not be used."}
{"level":"INFO","message":"[11:18:12.806 AM]: Easy Logging is disabled as no config has been found"}
{"level":"INFO","message":"[11:18:12.807 AM]: Connection[id: 6136f764-182b-4d2e-87c8-e76a04cd1021] - authentication successful using: SNOWFLAKE"}
{"level":"INFO","message":"[11:18:14.345 AM]: Connection[id: 6136f764-182b-4d2e-87c8-e76a04cd1021] - connection established successfully after 1555.57 milliseconds"}
{"level":"INFO","message":"[11:18:15.498 AM]: Creating new connection object"}
{"level":"INFO","message":"[11:18:15.500 AM]: Creating Connection[id: 221560ce-4242-45ec-82b4-d639d6755961] with host: QPNLZEM-ZD67566.snowflakecomputing.com, account: QPNLZEM-ZD67566, accessUrl: https://QPNLZEM-ZD67566.snowflakecomputing.com, user: ADITIGEORGE, role: undefined, database: EMR_ANALYTICS, schema: PUBLIC, warehouse: COMPUTE_WH, proxy was not configured, password is provided, region: undefined, authenticator: SNOWFLAKE, ocsp mode: FAIL_OPEN, os: win32, os version: 10.0.22631"}
{"level":"INFO","message":"[11:18:15.501 AM]: Connection[id: 221560ce-4242-45ec-82b4-d639d6755961] additional details: passcode in password is provided, passcode is not provided, private key is not provided, application: undefined, client name: snowflake-sdk, client version: 2.4.0, retry timeout: 300, private key path: undefined, private key pass is not provided, client store temporary credential: false, browser response timeout: 120000"}
{"level":"INFO","message":"[11:18:15.502 AM]: Connection[id: 221560ce-4242-45ec-82b4-d639d6755961] - connection object created successfully."}
{"level":"INFO","message":"[11:18:15.503 AM]: Connection[id: 221560ce-4242-45ec-82b4-d639d6755961] - async connecting. Associated Snowflake domain: GLOBAL"}
{"level":"INFO","message":"[11:18:15.505 AM]: Connection[id: 221560ce-4242-45ec-82b4-d639d6755961] - authentication successful using: SNOWFLAKE"}
{"level":"INFO","message":"[11:18:15.842 AM]: Connection[id: 221560ce-4242-45ec-82b4-d639d6755961] - connection established successfully after 339.68 milliseconds"}
{"level":"INFO","message":"[1:58:29.794 PM]: Creating new connection object"}
{"level":"INFO","message":"[1:58:29.867 PM]: Creating Connection[id: ba3ca419-b2bb-4062-8f28-df204e743f49] with host: QPNLZEM-ZD67566.snowflakecomputing.com, account: QPNLZEM-ZD67566, accessUrl: https://QPNLZEM-ZD67566.snowflakecomputing.com, user: ADITIGEORGE, role: undefined, database: EMR_ANALYTICS, schema: PUBLIC, warehouse: COMPUTE_WH, proxy was not configured, password is provided, region: undefined, authenticator: SNOWFLAKE, ocsp mode: FAIL_OPEN, os: win32, os version: 10.0.22631"}
{"level":"INFO","message":"[1:58:29.869 PM]: Connection[id: ba3ca419-b2bb-4062-8f28-df204e743f49] additional details: passcode in password is provided, passcode is not provided, private key is not provided, application: undefined, client name: snowflake-sdk, client version: 2.4.0, retry timeout: 300, private key path: undefined, private key pass is not provided, client store temporary credential: false, browser response timeout: 120000"}
{"level":"INFO","message":"[1:58:29.871 PM]: Connection[id: ba3ca419-b2bb-4062-8f28-df204e743f49] - connection object created successfully."}
{"level":"INFO","message":"[1:58:29.874 PM]: Connection[id: ba3ca419-b2bb-4062-8f28-df204e743f49] - async connecting. Associated Snowflake domain: GLOBAL"}
{"level":"INFO","message":"[1:58:29.875 PM]: Trying to initialize Easy Logging"}
{"level":"INFO","message":"[1:58:29.890 PM]: No client config detected."}
{"level":"INFO","message":"[1:58:29.903 PM]: No config file path found. Client config will not be used."}
{"level":"INFO","message":"[1:58:29.911 PM]: Easy Logging is disabled as no config has been found"}
{"level":"INFO","message":"[1:58:29.915 PM]: Connection[id: ba3ca419-b2bb-4062-8f28-df204e743f49] - authentication successful using: SNOWFLAKE"}
{"level":"INFO","message":"[1:58:31.300 PM]: Connection[id: ba3ca419-b2bb-4062-8f28-df204e743f49] - connection established successfully after 1426.39 milliseconds"}
{"level":"INFO","message":"[1:58:31.675 PM]: Creating new connection object"}
{"level":"INFO","message":"[1:58:31.679 PM]: Creating Connection[id: ecce04d7-3338-41a6-8ffe-f17560baadfe] with host: QPNLZEM-ZD67566.snowflakecomputing.com, account: QPNLZEM-ZD67566, accessUrl: https://QPNLZEM-ZD67566.snowflakecomputing.com, user: ADITIGEORGE, role: undefined, database: EMR_ANALYTICS, schema: PUBLIC, warehouse: COMPUTE_WH, proxy was not configured, password is provided, region: undefined, authenticator: SNOWFLAKE, ocsp mode: FAIL_OPEN, os: win32, os version: 10.0.22631"}
{"level":"INFO","message":"[1:58:31.680 PM]: Connection[id: ecce04d7-3338-41a6-8ffe-f17560baadfe] additional details: passcode in password is provided, passcode is not provided, private key is not provided, application: undefined, client name: snowflake-sdk, client version: 2.4.0, retry timeout: 300, private key path: undefined, private key pass is not provided, client store temporary credential: false, browser response timeout: 120000"}
{"level":"INFO","message":"[1:58:31.682 PM]: Connection[id: ecce04d7-3338-41a6-8ffe-f17560baadfe] - connection object created successfully."}
{"level":"INFO","message":"[1:58:31.688 PM]: Connection[id: ecce04d7-3338-41a6-8ffe-f17560baadfe] - async connecting. Associated Snowflake domain: GLOBAL"}
{"level":"INFO","message":"[1:58:31.691 PM]: Connection[id: ecce04d7-3338-41a6-8ffe-f17560baadfe] - authentication successful using: SNOWFLAKE"}
{"level":"INFO","message":"[1:58:32.351 PM]: Connection[id: ecce04d7-3338-41a6-8ffe-f17560baadfe] - connection established successfully after 662.88 milliseconds"}
{"level":"INFO","message":"[3:36:10.455 PM]: Creating new connection object"}
{"level":"INFO","message":"[3:36:10.461 PM]: Creating Connection[id: 9513356f-cd72-4b47-b5c5-e63f9e6302ca] with host: QPNLZEM-ZD67566.snowflakecomputing.com, account: QPNLZEM-ZD67566, accessUrl: https://QPNLZEM-ZD67566.snowflakecomputing.com, user: ADITIGEORGE, role: undefined, database: EMR_ANALYTICS, schema: PUBLIC, warehouse: COMPUTE_WH, proxy was not configured, password is provided, region: undefined, authenticator: SNOWFLAKE, ocsp mode: FAIL_OPEN, os: win32, os version: 10.0.22631"}
{"level":"INFO","message":"[3:36:10.462 PM]: Connection[id: 9513356f-cd72-4b47-b5c5-e63f9e6302ca] additional details: passcode in password is provided, passcode is not provided, private key is not provided, application: undefined, client name: snowflake-sdk, client version: 2.4.0, retry timeout: 300, private key path: undefined, private key pass is not provided, client store temporary credential: false, browser response timeout: 120000"}
{"level":"INFO","message":"[3:36:10.463 PM]: Connection[id: 9513356f-cd72-4b47-b5c5-e63f9e6302ca] - connection object created successfully."}
{"level":"INFO","message":"[3:36:10.463 PM]: Connection[id: 9513356f-cd72-4b47-b5c5-e63f9e6302ca] - async connecting. Associated Snowflake domain: GLOBAL"}
{"level":"INFO","message":"[3:36:10.463 PM]: Connection[id: 9513356f-cd72-4b47-b5c5-e63f9e6302ca] - authentication successful using: SNOWFLAKE"}
{"level":"INFO","message":"[3:36:11.290 PM]: Connection[id: 9513356f-cd72-4b47-b5c5-e63f9e6302ca] - connection established successfully after 827.14 milliseconds"}
{"level":"INFO","message":"[3:36:11.906 PM]: Creating new connection object"}
{"level":"INFO","message":"[3:36:11.907 PM]: Creating Connection[id: 56960aa2-0c84-46f6-b2ac-a4f75dd39401] with host: QPNLZEM-ZD67566.snowflakecomputing.com, account: QPNLZEM-ZD67566, accessUrl: https://QPNLZEM-ZD67566.snowflakecomputing.com, user: ADITIGEORGE, role: undefined, database: EMR_ANALYTICS, schema: PUBLIC, warehouse: COMPUTE_WH, proxy was not configured, password is provided, region: undefined, authenticator: SNOWFLAKE, ocsp mode: FAIL_OPEN, os: win32, os version: 10.0.22631"}
{"level":"INFO","message":"[3:36:11.908 PM]: Connection[id: 56960aa2-0c84-46f6-b2ac-a4f75dd39401] additional details: passcode in password is provided, passcode is not provided, private key is not provided, application: undefined, client name: snowflake-sdk, client version: 2.4.0, retry timeout: 300, private key path: undefined, private key pass is not provided, client store temporary credential: false, browser response timeout: 120000"}
{"level":"INFO","message":"[3:36:11.908 PM]: Connection[id: 56960aa2-0c84-46f6-b2ac-a4f75dd39401] - connection object created successfully."}
{"level":"INFO","message":"[3:36:11.908 PM]: Connection[id: 56960aa2-0c84-46f6-b2ac-a4f75dd39401] - async connecting. Associated Snowflake domain: GLOBAL"}
{"level":"INFO","message":"[3:36:11.909 PM]: Connection[id: 56960aa2-0c84-46f6-b2ac-a4f75dd39401] - authentication successful using: SNOWFLAKE"}
{"level":"INFO","message":"[3:36:12.940 PM]: Connection[id: 56960aa2-0c84-46f6-b2ac-a4f75dd39401] - connection established successfully after 1031.75 milliseconds"}
{"level":"INFO","message":"[4:19:07.026 PM]: Creating new connection object"}
{"level":"INFO","message":"[4:19:07.044 PM]: Creating Connection[id: 75b9220b-2c93-43ef-b7c5-b7906a87871a] with host: QPNLZEM-ZD67566.snowflakecomputing.com, account: QPNLZEM-ZD67566, accessUrl: https://QPNLZEM-ZD67566.snowflakecomputing.com, user: ADITIGEORGE, role: undefined, database: EMR_ANALYTICS, schema: PUBLIC, warehouse: COMPUTE_WH, proxy was not configured, password is provided, region: undefined, authenticator: SNOWFLAKE, ocsp mode: FAIL_OPEN, os: win32, os version: 10.0.22631"}
{"level":"INFO","message":"[4:19:07.045 PM]: Connection[id: 75b9220b-2c93-43ef-b7c5-b7906a87871a] additional details: passcode in password is provided, passcode is not provided, private key is not provided, application: undefined, client name: snowflake-sdk, client version: 2.4.0, retry timeout: 300, private key path: undefined, private key pass is not provided, client store temporary credential: false, browser response timeout: 120000"}
{"level":"INFO","message":"[4:19:07.045 PM]: Connection[id: 75b9220b-2c93-43ef-b7c5-b7906a87871a] - connection object created successfully."}
{"level":"INFO","message":"[4:19:07.047 PM]: Connection[id: 75b9220b-2c93-43ef-b7c5-b7906a87871a] - async connecting. Associated Snowflake domain: GLOBAL"}
{"level":"INFO","message":"[4:19:07.048 PM]: Connection[id: 75b9220b-2c93-43ef-b7c5-b7906a87871a] - authentication successful using: SNOWFLAKE"}
{"level":"INFO","message":"[4:19:07.758 PM]: Connection[id: 75b9220b-2c93-43ef-b7c5-b7906a87871a] - connection established successfully after 710.98 milliseconds"}
{"level":"INFO","message":"[4:19:08.365 PM]: Creating new connection object"}
{"level":"INFO","message":"[4:19:08.366 PM]: Creating Connection[id: 302cb5dc-4442-4e16-b413-204a57deb445] with host: QPNLZEM-ZD67566.snowflakecomputing.com, account: QPNLZEM-ZD67566, accessUrl: https://QPNLZEM-ZD67566.snowflakecomputing.com, user: ADITIGEORGE, role: undefined, database: EMR_ANALYTICS, schema: PUBLIC, warehouse: COMPUTE_WH, proxy was not configured, password is provided, region: undefined, authenticator: SNOWFLAKE, ocsp mode: FAIL_OPEN, os: win32, os version: 10.0.22631"}
{"level":"INFO","message":"[4:19:08.366 PM]: Connection[id: 302cb5dc-4442-4e16-b413-204a57deb445] additional details: passcode in password is provided, passcode is not provided, private key is not provided, application: undefined, client name: snowflake-sdk, client version: 2.4.0, retry timeout: 300, private key path: undefined, private key pass is not provided, client store temporary credential: false, browser response timeout: 120000"}
{"level":"INFO","message":"[4:19:08.366 PM]: Connection[id: 302cb5dc-4442-4e16-b413-204a57deb445] - connection object created successfully."}
{"level":"INFO","message":"[4:19:08.366 PM]: Connection[id: 302cb5dc-4442-4e16-b413-204a57deb445] - async connecting. Associated Snowflake domain: GLOBAL"}
{"level":"INFO","message":"[4:19:08.367 PM]: Connection[id: 302cb5dc-4442-4e16-b413-204a57deb445] - authentication successful using: SNOWFLAKE"}
{"level":"INFO","message":"[4:19:09.055 PM]: Connection[id: 302cb5dc-4442-4e16-b413-204a57deb445] - connection established successfully after 688.75 milliseconds"}
{"level":"INFO","message":"[11:33:06.312 PM]: Creating new connection object"}
{"level":"INFO","message":"[11:33:06.421 PM]: Creating Connection[id: 2a7f2ff8-4973-483a-b4b2-fe798fae8ee4] with host: QPNLZEM-ZD67566.snowflakecomputing.com, account: QPNLZEM-ZD67566, accessUrl: https://QPNLZEM-ZD67566.snowflakecomputing.com, user: ADITIGEORGE, role: undefined, database: EMR_ANALYTICS, schema: PUBLIC, warehouse: COMPUTE_WH, proxy was not configured, password is provided, region: undefined, authenticator: SNOWFLAKE, ocsp mode: FAIL_OPEN, os: win32, os version: 10.0.22631"}
{"level":"INFO","message":"[11:33:06.424 PM]: Connection[id: 2a7f2ff8-4973-483a-b4b2-fe798fae8ee4] additional details: passcode in password is provided, passcode is not provided, private key is not provided, application: undefined, client name: snowflake-sdk, client version: 2.4.0, retry timeout: 300, private key path: undefined, private key pass is not provided, client store temporary credential: false, browser response timeout: 120000"}
{"level":"INFO","message":"[11:33:06.426 PM]: Connection[id: 2a7f2ff8-4973-483a-b4b2-fe798fae8ee4] - connection object created successfully."}
{"level":"INFO","message":"[11:33:06.428 PM]: Connection[id: 2a7f2ff8-4973-483a-b4b2-fe798fae8ee4] - async connecting. Associated Snowflake domain: GLOBAL"}
{"level":"INFO","message":"[11:33:06.430 PM]: Trying to initialize Easy Logging"}
{"level":"INFO","message":"[11:33:06.456 PM]: No client config detected."}
{"level":"INFO","message":"[11:33:06.458 PM]: No config file path found. Client config will not be used."}
{"level":"INFO","message":"[11:33:06.459 PM]: Easy Logging is disabled as no config has been found"}
{"level":"INFO","message":"[11:33:06.460 PM]: Connection[id: 2a7f2ff8-4973-483a-b4b2-fe798fae8ee4] - authentication successful using: SNOWFLAKE"}
{"level":"INFO","message":"[11:33:08.175 PM]: Connection[id: 2a7f2ff8-4973-483a-b4b2-fe798fae8ee4] - connection established successfully after 1746.86 milliseconds"}
{"level":"INFO","message":"[11:33:08.731 PM]: Creating new connection object"}
{"level":"INFO","message":"[11:33:08.734 PM]: Creating Connection[id: 2b36b084-f112-4d9e-848d-d512cb98d5d6] with host: QPNLZEM-ZD67566.snowflakecomputing.com, account: QPNLZEM-ZD67566, accessUrl: https://QPNLZEM-ZD67566.snowflakecomputing.com, user: ADITIGEORGE, role: undefined, database: EMR_ANALYTICS, schema: PUBLIC, warehouse: COMPUTE_WH, proxy was not configured, password is provided, region: undefined, authenticator: SNOWFLAKE, ocsp mode: FAIL_OPEN, os: win32, os version: 10.0.22631"}
{"level":"INFO","message":"[11:33:08.735 PM]: Connection[id: 2b36b084-f112-4d9e-848d-d512cb98d5d6] additional details: passcode in password is provided, passcode is not provided, private key is not provided, application: undefined, client name: snowflake-sdk, client version: 2.4.0, retry timeout: 300, private key path: undefined, private key pass is not provided, client store temporary credential: false, browser response timeout: 120000"}
{"level":"INFO","message":"[11:33:08.736 PM]: Connection[id: 2b36b084-f112-4d9e-848d-d512cb98d5d6] - connection object created successfully."}
{"level":"INFO","message":"[11:33:08.739 PM]: Connection[id: 2b36b084-f112-4d9e-848d-d512cb98d5d6] - async connecting. Associated Snowflake domain: GLOBAL"}
{"level":"INFO","message":"[11:33:08.760 PM]: Connection[id: 2b36b084-f112-4d9e-848d-d512cb98d5d6] - authentication successful using: SNOWFLAKE"}
{"level":"INFO","message":"[11:33:09.387 PM]: Connection[id: 2b36b084-f112-4d9e-848d-d512cb98d5d6] - connection established successfully after 648.23 milliseconds"}
{"level":"INFO","message":"[1:24:40.225 AM]: Creating new connection object"}
{"level":"INFO","message":"[1:24:40.257 AM]: Creating Connection[id: 80fc0b7b-fd4c-4921-bb94-6764a02728d6] with host: QPNLZEM-ZD67566.snowflakecomputing.com, account: QPNLZEM-ZD67566, accessUrl: https://QPNLZEM-ZD67566.snowflakecomputing.com, user: ADITIGEORGE, role: undefined, database: EMR_ANALYTICS, schema: PUBLIC, warehouse: COMPUTE_WH, proxy was not configured, password is provided, region: undefined, authenticator: SNOWFLAKE, ocsp mode: FAIL_OPEN, os: win32, os version: 10.0.22631"}
{"level":"INFO","message":"[1:24:40.260 AM]: Connection[id: 80fc0b7b-fd4c-4921-bb94-6764a02728d6] additional details: passcode in password is provided, passcode is not provided, private key is not provided, application: undefined, client name: snowflake-sdk, client version: 2.4.0, retry timeout: 300, private key path: undefined, private key pass is not provided, client store temporary credential: false, browser response timeout: 120000"}
{"level":"INFO","message":"[1:24:40.262 AM]: Connection[id: 80fc0b7b-fd4c-4921-bb94-6764a02728d6] - connection object created successfully."}
{"level":"INFO","message":"[1:24:40.264 AM]: Connection[id: 80fc0b7b-fd4c-4921-bb94-6764a02728d6] - async connecting. Associated Snowflake domain: GLOBAL"}
{"level":"INFO","message":"[1:24:40.265 AM]: Trying to initialize Easy Logging"}
{"level":"INFO","message":"[1:24:40.324 AM]: No client config detected."}
{"level":"INFO","message":"[1:24:40.330 AM]: No config file path found. Client config will not be used."}
{"level":"INFO","message":"[1:24:40.331 AM]: Easy Logging is disabled as no config has been found"}
{"level":"INFO","message":"[1:24:40.462 AM]: Connection[id: 80fc0b7b-fd4c-4921-bb94-6764a02728d6] - authentication successful using: SNOWFLAKE"}
{"level":"INFO","message":"[1:24:41.817 AM]: Connection[id: 80fc0b7b-fd4c-4921-bb94-6764a02728d6] - connection established successfully after 1553.11 milliseconds"}
{"level":"INFO","message":"[1:24:42.198 AM]: Creating new connection object"}
{"level":"INFO","message":"[1:24:42.207 AM]: Creating Connection[id: be69d0bb-51d5-492a-99b7-f0ceb1bd7b8e] with host: QPNLZEM-ZD67566.snowflakecomputing.com, account: QPNLZEM-ZD67566, accessUrl: https://QPNLZEM-ZD67566.snowflakecomputing.com, user: ADITIGEORGE, role: undefined, database: EMR_ANALYTICS, schema: PUBLIC, warehouse: COMPUTE_WH, proxy was not configured, password is provided, region: undefined, authenticator: SNOWFLAKE, ocsp mode: FAIL_OPEN, os: win32, os version: 10.0.22631"}
{"level":"INFO","message":"[1:24:42.226 AM]: Connection[id: be69d0bb-51d5-492a-99b7-f0ceb1bd7b8e] additional details: passcode in password is provided, passcode is not provided, private key is not provided, application: undefined, client name: snowflake-sdk, client version: 2.4.0, retry timeout: 300, private key path: undefined, private key pass is not provided, client store temporary credential: false, browser response timeout: 120000"}
{"level":"INFO","message":"[1:24:42.228 AM]: Connection[id: be69d0bb-51d5-492a-99b7-f0ceb1bd7b8e] - connection object created successfully."}
{"level":"INFO","message":"[1:24:42.229 AM]: Connection[id: be69d0bb-51d5-492a-99b7-f0ceb1bd7b8e] - async connecting. Associated Snowflake domain: GLOBAL"}
{"level":"INFO","message":"[1:24:42.229 AM]: Connection[id: be69d0bb-51d5-492a-99b7-f0ceb1bd7b8e] - authentication successful using: SNOWFLAKE"}
{"level":"INFO","message":"[1:24:42.883 AM]: Connection[id: be69d0bb-51d5-492a-99b7-f0ceb1bd7b8e] - connection established successfully after 654.78 milliseconds"}
{"level":"INFO","message":"[1:30:12.013 AM]: Creating new connection object"}
{"level":"INFO","message":"[1:30:12.042 AM]: Creating Connection[id: 09e0d87d-8540-499e-a281-b6bdaeba84dc] with host: QPNLZEM-ZD67566.snowflakecomputing.com, account: QPNLZEM-ZD67566, accessUrl: https://QPNLZEM-ZD67566.snowflakecomputing.com, user: ADITIGEORGE, role: undefined, database: EMR_ANALYTICS, schema: PUBLIC, warehouse: COMPUTE_WH, proxy was not configured, password is provided, region: undefined, authenticator: SNOWFLAKE, ocsp mode: FAIL_OPEN, os: win32, os version: 10.0.22631"}
{"level":"INFO","message":"[1:30:12.044 AM]: Connection[id: 09e0d87d-8540-499e-a281-b6bdaeba84dc] additional details: passcode in password is provided, passcode is not provided, private key is not provided, application: undefined, client name: snowflake-sdk, client version: 2.4.0, retry timeout: 300, private key path: undefined, private key pass is not provided, client store temporary credential: false, browser response timeout: 120000"}
{"level":"INFO","message":"[1:30:12.044 AM]: Connection[id: 09e0d87d-8540-499e-a281-b6bdaeba84dc] - connection object created successfully."}
{"level":"INFO","message":"[1:30:12.045 AM]: Connection[id: 09e0d87d-8540-499e-a281-b6bdaeba84dc] - async connecting. Associated Snowflake domain: GLOBAL"}
{"level":"INFO","message":"[1:30:12.047 AM]: Connection[id: 09e0d87d-8540-499e-a281-b6bdaeba84dc] - authentication successful using: SNOWFLAKE"}
{"level":"INFO","message":"[1:30:13.338 AM]: Connection[id: 09e0d87d-8540-499e-a281-b6bdaeba84dc] - connection established successfully after 1292.91 milliseconds"}
{"level":"INFO","message":"[1:30:13.722 AM]: Creating new connection object"}
{"level":"INFO","message":"[1:30:13.723 AM]: Creating Connection[id: bca57fb3-16c7-4676-90e8-5f33c05d200c] with host: QPNLZEM-ZD67566.snowflakecomputing.com, account: QPNLZEM-ZD67566, accessUrl: https://QPNLZEM-ZD67566.snowflakecomputing.com, user: ADITIGEORGE, role: undefined, database: EMR_ANALYTICS, schema: PUBLIC, warehouse: COMPUTE_WH, proxy was not configured, password is provided, region: undefined, authenticator: SNOWFLAKE, ocsp mode: FAIL_OPEN, os: win32, os version: 10.0.22631"}
{"level":"INFO","message":"[1:30:13.723 AM]: Connection[id: bca57fb3-16c7-4676-90e8-5f33c05d200c] additional details: passcode in password is provided, passcode is not provided, private key is not provided, application: undefined, client name: snowflake-sdk, client version: 2.4.0, retry timeout: 300, private key path: undefined, private key pass is not provided, client store temporary credential: false, browser response timeout: 120000"}
{"level":"INFO","message":"[1:30:13.725 AM]: Connection[id: bca57fb3-16c7-4676-90e8-5f33c05d200c] - connection object created successfully."}
{"level":"INFO","message":"[1:30:13.725 AM]: Connection[id: bca57fb3-16c7-4676-90e8-5f33c05d200c] - async connecting. Associated Snowflake domain: GLOBAL"}
{"level":"INFO","message":"[1:30:13.726 AM]: Connection[id: bca57fb3-16c7-4676-90e8-5f33c05d200c] - authentication successful using: SNOWFLAKE"}
{"level":"INFO","message":"[1:30:14.647 AM]: Connection[id: bca57fb3-16c7-4676-90e8-5f33c05d200c] - connection established successfully after 921.47 milliseconds"}
{"level":"INFO","message":"[1:30:53.102 AM]: Creating new connection object"}
{"level":"INFO","message":"[1:30:53.104 AM]: Creating Connection[id: 8c1c03fc-d0bb-4a2c-af3b-f821b388c1b0] with host: QPNLZEM-ZD67566.snowflakecomputing.com, account: QPNLZEM-ZD67566, accessUrl: https://QPNLZEM-ZD67566.snowflakecomputing.com, user: ADITIGEORGE, role: undefined, database: EMR_ANALYTICS, schema: PUBLIC, warehouse: COMPUTE_WH, proxy was not configured, password is provided, region: undefined, authenticator: SNOWFLAKE, ocsp mode: FAIL_OPEN, os: win32, os version: 10.0.22631"}
{"level":"INFO","message":"[1:30:53.104 AM]: Connection[id: 8c1c03fc-d0bb-4a2c-af3b-f821b388c1b0] additional details: passcode in password is provided, passcode is not provided, private key is not provided, application: undefined, client name: snowflake-sdk, client version: 2.4.0, retry timeout: 300, private key path: undefined, private key pass is not provided, client store temporary credential: false, browser response timeout: 120000"}
{"level":"INFO","message":"[1:30:53.105 AM]: Connection[id: 8c1c03fc-d0bb-4a2c-af3b-f821b388c1b0] - connection object created successfully."}
{"level":"INFO","message":"[1:30:53.105 AM]: Connection[id: 8c1c03fc-d0bb-4a2c-af3b-f821b388c1b0] - async connecting. Associated Snowflake domain: GLOBAL"}
{"level":"INFO","message":"[1:30:53.106 AM]: Connection[id: 8c1c03fc-d0bb-4a2c-af3b-f821b388c1b0] - authentication successful using: SNOWFLAKE"}
{"level":"INFO","message":"[1:30:53.813 AM]: Connection[id: 8c1c03fc-d0bb-4a2c-af3b-f821b388c1b0] - connection established successfully after 707.87 milliseconds"}
{"level":"INFO","message":"[1:30:54.222 AM]: Creating new connection object"}
{"level":"INFO","message":"[1:30:54.223 AM]: Creating Connection[id: 94dd6f7a-2faf-4acf-b179-5e4909dbc397] with host: QPNLZEM-ZD67566.snowflakecomputing.com, account: QPNLZEM-ZD67566, accessUrl: https://QPNLZEM-ZD67566.snowflakecomputing.com, user: ADITIGEORGE, role: undefined, database: EMR_ANALYTICS, schema: PUBLIC, warehouse: COMPUTE_WH, proxy was not configured, password is provided, region: undefined, authenticator: SNOWFLAKE, ocsp mode: FAIL_OPEN, os: win32, os version: 10.0.22631"}
{"level":"INFO","message":"[1:30:54.223 AM]: Connection[id: 94dd6f7a-2faf-4acf-b179-5e4909dbc397] additional details: passcode in password is provided, passcode is not provided, private key is not provided, application: undefined, client name: snowflake-sdk, client version: 2.4.0, retry timeout: 300, private key path: undefined, private key pass is not provided, client store temporary credential: false, browser response timeout: 120000"}
{"level":"INFO","message":"[1:30:54.223 AM]: Connection[id: 94dd6f7a-2faf-4acf-b179-5e4909dbc397] - connection object created successfully."}
{"level":"INFO","message":"[1:30:54.224 AM]: Connection[id: 94dd6f7a-2faf-4acf-b179-5e4909dbc397] - async connecting. Associated Snowflake domain: GLOBAL"}
{"level":"INFO","message":"[1:30:54.224 AM]: Connection[id: 94dd6f7a-2faf-4acf-b179-5e4909dbc397] - authentication successful using: SNOWFLAKE"}
{"level":"INFO","message":"[1:30:55.240 AM]: Connection[id: 94dd6f7a-2faf-4acf-b179-5e4909dbc397] - connection established successfully after 1016.06 milliseconds"}
{"level":"INFO","message":"[1:36:08.184 AM]: Creating new connection object"}
{"level":"INFO","message":"[1:36:08.186 AM]: Creating Connection[id: 42c5a25b-628e-4c33-ac67-2149699fbdca] with host: QPNLZEM-ZD67566.snowflakecomputing.com, account: QPNLZEM-ZD67566, accessUrl: https://QPNLZEM-ZD67566.snowflakecomputing.com, user: ADITIGEORGE, role: undefined, database: EMR_ANALYTICS, schema: PUBLIC, warehouse: COMPUTE_WH, proxy was not configured, password is provided, region: undefined, authenticator: SNOWFLAKE, ocsp mode: FAIL_OPEN, os: win32, os version: 10.0.22631"}
{"level":"INFO","message":"[1:36:08.187 AM]: Connection[id: 42c5a25b-628e-4c33-ac67-2149699fbdca] additional details: passcode in password is provided, passcode is not provided, private key is not provided, application: undefined, client name: snowflake-sdk, client version: 2.4.0, retry timeout: 300, private key path: undefined, private key pass is not provided, client store temporary credential: false, browser response timeout: 120000"}
{"level":"INFO","message":"[1:36:08.188 AM]: Connection[id: 42c5a25b-628e-4c33-ac67-2149699fbdca] - connection object created successfully."}
{"level":"INFO","message":"[1:36:08.189 AM]: Connection[id: 42c5a25b-628e-4c33-ac67-2149699fbdca] - async connecting. Associated Snowflake domain: GLOBAL"}
{"level":"INFO","message":"[1:36:08.189 AM]: Connection[id: 42c5a25b-628e-4c33-ac67-2149699fbdca] - authentication successful using: SNOWFLAKE"}
{"level":"INFO","message":"[1:36:08.776 AM]: Connection[id: 42c5a25b-628e-4c33-ac67-2149699fbdca] - connection established successfully after 587.13 milliseconds"}
{"level":"INFO","message":"[1:36:09.101 AM]: Creating new connection object"}
{"level":"INFO","message":"[1:36:09.103 AM]: Creating Connection[id: 14805060-2683-408a-b6a6-c76fe3c4effd] with host: QPNLZEM-ZD67566.snowflakecomputing.com, account: QPNLZEM-ZD67566, accessUrl: https://QPNLZEM-ZD67566.snowflakecomputing.com, user: ADITIGEORGE, role: undefined, database: EMR_ANALYTICS, schema: PUBLIC, warehouse: COMPUTE_WH, proxy was not configured, password is provided, region: undefined, authenticator: SNOWFLAKE, ocsp mode: FAIL_OPEN, os: win32, os version: 10.0.22631"}
{"level":"INFO","message":"[1:36:09.103 AM]: Connection[id: 14805060-2683-408a-b6a6-c76fe3c4effd] additional details: passcode in password is provided, passcode is not provided, private key is not provided, application: undefined, client name: snowflake-sdk, client version: 2.4.0, retry timeout: 300, private key path: undefined, private key pass is not provided, client store temporary credential: false, browser response timeout: 120000"}
{"level":"INFO","message":"[1:36:09.104 AM]: Connection[id: 14805060-2683-408a-b6a6-c76fe3c4effd] - connection object created successfully."}
{"level":"INFO","message":"[1:36:09.104 AM]: Connection[id: 14805060-2683-408a-b6a6-c76fe3c4effd] - async connecting. Associated Snowflake domain: GLOBAL"}
{"level":"INFO","message":"[1:36:09.105 AM]: Connection[id: 14805060-2683-408a-b6a6-c76fe3c4effd] - authentication successful using: SNOWFLAKE"}
{"level":"INFO","message":"[1:36:09.631 AM]: Connection[id: 14805060-2683-408a-b6a6-c76fe3c4effd] - connection established successfully after 526.82 milliseconds"}
{"level":"INFO","message":"[1:37:05.496 AM]: Creating new connection object"}
{"level":"INFO","message":"[1:37:05.499 AM]: Creating Connection[id: f8415a7d-9a4f-4764-8913-482b5b7ebab0] with host: QPNLZEM-ZD67566.snowflakecomputing.com, account: QPNLZEM-ZD67566, accessUrl: https://QPNLZEM-ZD67566.snowflakecomputing.com, user: ADITIGEORGE, role: undefined, database: EMR_ANALYTICS, schema: PUBLIC, warehouse: COMPUTE_WH, proxy was not configured, password is provided, region: undefined, authenticator: SNOWFLAKE, ocsp mode: FAIL_OPEN, os: win32, os version: 10.0.22631"}
{"level":"INFO","message":"[1:37:05.503 AM]: Connection[id: f8415a7d-9a4f-4764-8913-482b5b7ebab0] additional details: passcode in password is provided, passcode is not provided, private key is not provided, application: undefined, client name: snowflake-sdk, client version: 2.4.0, retry timeout: 300, private key path: undefined, private key pass is not provided, client store temporary credential: false, browser response timeout: 120000"}
{"level":"INFO","message":"[1:37:05.504 AM]: Connection[id: f8415a7d-9a4f-4764-8913-482b5b7ebab0] - connection object created successfully."}
{"level":"INFO","message":"[1:37:05.506 AM]: Connection[id: f8415a7d-9a4f-4764-8913-482b5b7ebab0] - async connecting. Associated Snowflake domain: GLOBAL"}
{"level":"INFO","message":"[1:37:05.506 AM]: Connection[id: f8415a7d-9a4f-4764-8913-482b5b7ebab0] - authentication successful using: SNOWFLAKE"}
{"level":"INFO","message":"[1:37:06.064 AM]: Connection[id: f8415a7d-9a4f-4764-8913-482b5b7ebab0] - connection established successfully after 558.92 milliseconds"}
{"level":"INFO","message":"[1:37:06.333 AM]: Creating new connection object"}
{"level":"INFO","message":"[1:37:06.336 AM]: Creating Connection[id: 89ca837b-2638-4ab5-93ba-a87444138961] with host: QPNLZEM-ZD67566.snowflakecomputing.com, account: QPNLZEM-ZD67566, accessUrl: https://QPNLZEM-ZD67566.snowflakecomputing.com, user: ADITIGEORGE, role: undefined, database: EMR_ANALYTICS, schema: PUBLIC, warehouse: COMPUTE_WH, proxy was not configured, password is provided, region: undefined, authenticator: SNOWFLAKE, ocsp mode: FAIL_OPEN, os: win32, os version: 10.0.22631"}
{"level":"INFO","message":"[1:37:06.337 AM]: Connection[id: 89ca837b-2638-4ab5-93ba-a87444138961] additional details: passcode in password is provided, passcode is not provided, private key is not provided, application: undefined, client name: snowflake-sdk, client version: 2.4.0, retry timeout: 300, private key path: undefined, private key pass is not provided, client store temporary credential: false, browser response timeout: 120000"}
{"level":"INFO","message":"[1:37:06.338 AM]: Connection[id: 89ca837b-2638-4ab5-93ba-a87444138961] - connection object created successfully."}
{"level":"INFO","message":"[1:37:06.339 AM]: Connection[id: 89ca837b-2638-4ab5-93ba-a87444138961] - async connecting. Associated Snowflake domain: GLOBAL"}
{"level":"INFO","message":"[1:37:06.340 AM]: Connection[id: 89ca837b-2638-4ab5-93ba-a87444138961] - authentication successful using: SNOWFLAKE"}
{"level":"INFO","message":"[1:37:06.918 AM]: Connection[id: 89ca837b-2638-4ab5-93ba-a87444138961] - connection established successfully after 579.16 milliseconds"}
{"level":"INFO","message":"[1:38:09.182 AM]: Creating new connection object"}
{"level":"INFO","message":"[1:38:09.185 AM]: Creating Connection[id: 969d4530-e1be-4787-a319-0f8ec6c97441] with host: QPNLZEM-ZD67566.snowflakecomputing.com, account: QPNLZEM-ZD67566, accessUrl: https://QPNLZEM-ZD67566.snowflakecomputing.com, user: ADITIGEORGE, role: undefined, database: EMR_ANALYTICS, schema: PUBLIC, warehouse: COMPUTE_WH, proxy was not configured, password is provided, region: undefined, authenticator: SNOWFLAKE, ocsp mode: FAIL_OPEN, os: win32, os version: 10.0.22631"}
{"level":"INFO","message":"[1:38:09.186 AM]: Connection[id: 969d4530-e1be-4787-a319-0f8ec6c97441] additional details: passcode in password is provided, passcode is not provided, private key is not provided, application: undefined, client name: snowflake-sdk, client version: 2.4.0, retry timeout: 300, private key path: undefined, private key pass is not provided, client store temporary credential: false, browser response timeout: 120000"}
{"level":"INFO","message":"[1:38:09.189 AM]: Connection[id: 969d4530-e1be-4787-a319-0f8ec6c97441] - connection object created successfully."}
{"level":"INFO","message":"[1:38:09.192 AM]: Connection[id: 969d4530-e1be-4787-a319-0f8ec6c97441] - async connecting. Associated Snowflake domain: GLOBAL"}
{"level":"INFO","message":"[1:38:09.192 AM]: Connection[id: 969d4530-e1be-4787-a319-0f8ec6c97441] - authentication successful using: SNOWFLAKE"}
{"level":"INFO","message":"[1:38:09.776 AM]: Connection[id: 969d4530-e1be-4787-a319-0f8ec6c97441] - connection established successfully after 584.11 milliseconds"}
{"level":"INFO","message":"[1:38:09.904 AM]: Creating new connection object"}
{"level":"INFO","message":"[1:38:09.905 AM]: Creating Connection[id: f6ac3d37-88c2-44a7-bb11-e8f252bf6670] with host: QPNLZEM-ZD67566.snowflakecomputing.com, account: QPNLZEM-ZD67566, accessUrl: https://QPNLZEM-ZD67566.snowflakecomputing.com, user: ADITIGEORGE, role: undefined, database: EMR_ANALYTICS, schema: PUBLIC, warehouse: COMPUTE_WH, proxy was not configured, password is provided, region: undefined, authenticator: SNOWFLAKE, ocsp mode: FAIL_OPEN, os: win32, os version: 10.0.22631"}
{"level":"INFO","message":"[1:38:09.906 AM]: Connection[id: f6ac3d37-88c2-44a7-bb11-e8f252bf6670] additional details: passcode in password is provided, passcode is not provided, private key is not provided, application: undefined, client name: snowflake-sdk, client version: 2.4.0, retry timeout: 300, private key path: undefined, private key pass is not provided, client store temporary credential: false, browser response timeout: 120000"}
{"level":"INFO","message":"[1:38:09.906 AM]: Connection[id: f6ac3d37-88c2-44a7-bb11-e8f252bf6670] - connection object created successfully."}
{"level":"INFO","message":"[1:38:09.906 AM]: Connection[id: f6ac3d37-88c2-44a7-bb11-e8f252bf6670] - async connecting. Associated Snowflake domain: GLOBAL"}
{"level":"INFO","message":"[1:38:09.907 AM]: Connection[id: f6ac3d37-88c2-44a7-bb11-e8f252bf6670] - authentication successful using: SNOWFLAKE"}
{"level":"INFO","message":"[1:38:10.428 AM]: Connection[id: f6ac3d37-88c2-44a7-bb11-e8f252bf6670] - connection established successfully after 522.02 milliseconds"}
{"level":"INFO","message":"[8:44:17.416 PM]: Creating new connection object"}
{"level":"INFO","message":"[8:44:17.490 PM]: Creating Connection[id: 8d0a1d0c-4a61-4156-9bdd-d04006abaf84] with host: QPNLZEM-ZD67566.snowflakecomputing.com, account: QPNLZEM-ZD67566, accessUrl: https://QPNLZEM-ZD67566.snowflakecomputing.com, user: ADITIGEORGE, role: undefined, database: EMR_ANALYTICS, schema: PUBLIC, warehouse: COMPUTE_WH, proxy was not configured, password is provided, region: undefined, authenticator: SNOWFLAKE, ocsp mode: FAIL_OPEN, os: win32, os version: 10.0.22631"}
{"level":"INFO","message":"[8:44:17.492 PM]: Connection[id: 8d0a1d0c-4a61-4156-9bdd-d04006abaf84] additional details: passcode in password is provided, passcode is not provided, private key is not provided, application: undefined, client name: snowflake-sdk, client version: 2.4.0, retry timeout: 300, private key path: undefined, private key pass is not provided, client store temporary credential: false, browser response timeout: 120000"}
{"level":"INFO","message":"[8:44:17.496 PM]: Connection[id: 8d0a1d0c-4a61-4156-9bdd-d04006abaf84] - connection object created successfully."}
{"level":"INFO","message":"[8:44:17.498 PM]: Connection[id: 8d0a1d0c-4a61-4156-9bdd-d04006abaf84] - async connecting. Associated Snowflake domain: GLOBAL"}
{"level":"INFO","message":"[8:44:17.501 PM]: Trying to initialize Easy Logging"}
{"level":"INFO","message":"[8:44:17.542 PM]: No client config detected."}
{"level":"INFO","message":"[8:44:17.542 PM]: No config file path found. Client config will not be used."}
{"level":"INFO","message":"[8:44:17.543 PM]: Easy Logging is disabled as no config has been found"}
{"level":"INFO","message":"[8:44:17.544 PM]: Connection[id: 8d0a1d0c-4a61-4156-9bdd-d04006abaf84] - authentication successful using: SNOWFLAKE"}
{"level":"INFO","message":"[8:44:19.674 PM]: Connection[id: 8d0a1d0c-4a61-4156-9bdd-d04006abaf84] - connection established successfully after 2176.26 milliseconds"}
{"level":"INFO","message":"[8:44:20.792 PM]: Creating new connection object"}
{"level":"INFO","message":"[8:44:20.800 PM]: Creating Connection[id: 3f431953-32d4-4e42-a52a-63c6ef889dfc] with host: QPNLZEM-ZD67566.snowflakecomputing.com, account: QPNLZEM-ZD67566, accessUrl: https://QPNLZEM-ZD67566.snowflakecomputing.com, user: ADITIGEORGE, role: undefined, database: EMR_ANALYTICS, schema: PUBLIC, warehouse: COMPUTE_WH, proxy was not configured, password is provided, region: undefined, authenticator: SNOWFLAKE, ocsp mode: FAIL_OPEN, os: win32, os version: 10.0.22631"}
{"level":"INFO","message":"[8:44:20.801 PM]: Connection[id: 3f431953-32d4-4e42-a52a-63c6ef889dfc] additional details: passcode in password is provided, passcode is not provided, private key is not provided, application: undefined, client name: snowflake-sdk, client version: 2.4.0, retry timeout: 300, private key path: undefined, private key pass is not provided, client store temporary credential: false, browser response timeout: 120000"}
{"level":"INFO","message":"[8:44:20.802 PM]: Connection[id: 3f431953-32d4-4e42-a52a-63c6ef889dfc] - connection object created successfully."}
{"level":"INFO","message":"[8:44:20.802 PM]: Connection[id: 3f431953-32d4-4e42-a52a-63c6ef889dfc] - async connecting. Associated Snowflake domain: GLOBAL"}
{"level":"INFO","message":"[8:44:20.804 PM]: Connection[id: 3f431953-32d4-4e42-a52a-63c6ef889dfc] - authentication successful using: SNOWFLAKE"}
{"level":"INFO","message":"[8:44:21.321 PM]: Connection[id: 3f431953-32d4-4e42-a52a-63c6ef889dfc] - connection established successfully after 518.62 milliseconds"}
{"level":"INFO","message":"[11:36:51.855 PM]: Creating new connection object"}
{"level":"INFO","message":"[11:36:51.886 PM]: Creating Connection[id: bf731923-3cea-4438-9ea9-d08d519a7457] with host: QPNLZEM-ZD67566.snowflakecomputing.com, account: QPNLZEM-ZD67566, accessUrl: https://QPNLZEM-ZD67566.snowflakecomputing.com, user: ADITIGEORGE, role: undefined, database: EMR_ANALYTICS, schema: PUBLIC, warehouse: COMPUTE_WH, proxy was not configured, password is provided, region: undefined, authenticator: SNOWFLAKE, ocsp mode: FAIL_OPEN, os: win32, os version: 10.0.22631"}
{"level":"INFO","message":"[11:36:51.887 PM]: Connection[id: bf731923-3cea-4438-9ea9-d08d519a7457] additional details: passcode in password is provided, passcode is not provided, private key is not provided, application: undefined, client name: snowflake-sdk, client version: 2.4.0, retry timeout: 300, private key path: undefined, private key pass is not provided, client store temporary credential: false, browser response timeout: 120000"}
{"level":"INFO","message":"[11:36:51.888 PM]: Connection[id: bf731923-3cea-4438-9ea9-d08d519a7457] - connection object created successfully."}
{"level":"INFO","message":"[11:36:51.889 PM]: Connection[id: bf731923-3cea-4438-9ea9-d08d519a7457] - async connecting. Associated Snowflake domain: GLOBAL"}
{"level":"INFO","message":"[11:36:51.890 PM]: Trying to initialize Easy Logging"}
{"level":"INFO","message":"[11:36:51.897 PM]: No client config detected."}
{"level":"INFO","message":"[11:36:51.898 PM]: No config file path found. Client config will not be used."}
{"level":"INFO","message":"[11:36:51.901 PM]: Easy Logging is disabled as no config has been found"}
{"level":"INFO","message":"[11:36:51.903 PM]: Connection[id: bf731923-3cea-4438-9ea9-d08d519a7457] - authentication successful using: SNOWFLAKE"}
{"level":"INFO","message":"[11:36:53.819 PM]: Connection[id: bf731923-3cea-4438-9ea9-d08d519a7457] - connection established successfully after 1930.39 milliseconds"}
{"level":"INFO","message":"[11:36:54.845 PM]: Creating new connection object"}
{"level":"INFO","message":"[11:36:54.848 PM]: Creating Connection[id: d7f0d2c5-08a4-4c68-8a1d-30336b8fc066] with host: QPNLZEM-ZD67566.snowflakecomputing.com, account: QPNLZEM-ZD67566, accessUrl: https://QPNLZEM-ZD67566.snowflakecomputing.com, user: ADITIGEORGE, role: undefined, database: EMR_ANALYTICS, schema: PUBLIC, warehouse: COMPUTE_WH, proxy was not configured, password is provided, region: undefined, authenticator: SNOWFLAKE, ocsp mode: FAIL_OPEN, os: win32, os version: 10.0.22631"}
{"level":"INFO","message":"[11:36:54.849 PM]: Connection[id: d7f0d2c5-08a4-4c68-8a1d-30336b8fc066] additional details: passcode in password is provided, passcode is not provided, private key is not provided, application: undefined, client name: snowflake-sdk, client version: 2.4.0, retry timeout: 300, private key path: undefined, private key pass is not provided, client store temporary credential: false, browser response timeout: 120000"}
{"level":"INFO","message":"[11:36:54.850 PM]: Connection[id: d7f0d2c5-08a4-4c68-8a1d-30336b8fc066] - connection object created successfully."}
{"level":"INFO","message":"[11:36:54.850 PM]: Connection[id: d7f0d2c5-08a4-4c68-8a1d-30336b8fc066] - async connecting. Associated Snowflake domain: GLOBAL"}
{"level":"INFO","message":"[11:36:54.852 PM]: Connection[id: d7f0d2c5-08a4-4c68-8a1d-30336b8fc066] - authentication successful using: SNOWFLAKE"}
{"level":"INFO","message":"[11:36:55.467 PM]: Connection[id: d7f0d2c5-08a4-4c68-8a1d-30336b8fc066] - connection established successfully after 616.62 milliseconds"}
{"level":"INFO","message":"[11:37:54.481 PM]: Creating new connection object"}
{"level":"INFO","message":"[11:37:54.484 PM]: Creating Connection[id: 4d32d967-157a-48ae-8691-566b00020874] with host: QPNLZEM-ZD67566.snowflakecomputing.com, account: QPNLZEM-ZD67566, accessUrl: https://QPNLZEM-ZD67566.snowflakecomputing.com, user: ADITIGEORGE, role: undefined, database: EMR_ANALYTICS, schema: PUBLIC, warehouse: COMPUTE_WH, proxy was not configured, password is provided, region: undefined, authenticator: SNOWFLAKE, ocsp mode: FAIL_OPEN, os: win32, os version: 10.0.22631"}
{"level":"INFO","message":"[11:37:54.485 PM]: Connection[id: 4d32d967-157a-48ae-8691-566b00020874] additional details: passcode in password is provided, passcode is not provided, private key is not provided, application: undefined, client name: snowflake-sdk, client version: 2.4.0, retry timeout: 300, private key path: undefined, private key pass is not provided, client store temporary credential: false, browser response timeout: 120000"}
{"level":"INFO","message":"[11:37:54.487 PM]: Connection[id: 4d32d967-157a-48ae-8691-566b00020874] - connection object created successfully."}
{"level":"INFO","message":"[11:37:54.488 PM]: Connection[id: 4d32d967-157a-48ae-8691-566b00020874] - async connecting. Associated Snowflake domain: GLOBAL"}
{"level":"INFO","message":"[11:37:54.491 PM]: Connection[id: 4d32d967-157a-48ae-8691-566b00020874] - authentication successful using: SNOWFLAKE"}
{"level":"INFO","message":"[11:37:55.091 PM]: Connection[id: 4d32d967-157a-48ae-8691-566b00020874] - connection established successfully after 603.33 milliseconds"}
{"level":"INFO","message":"[11:37:55.519 PM]: Creating new connection object"}
{"level":"INFO","message":"[11:37:55.522 PM]: Creating Connection[id: e597fbbe-c1d6-4863-8b6e-6b249fff0982] with host: QPNLZEM-ZD67566.snowflakecomputing.com, account: QPNLZEM-ZD67566, accessUrl: https://QPNLZEM-ZD67566.snowflakecomputing.com, user: ADITIGEORGE, role: undefined, database: EMR_ANALYTICS, schema: PUBLIC, warehouse: COMPUTE_WH, proxy was not configured, password is provided, region: undefined, authenticator: SNOWFLAKE, ocsp mode: FAIL_OPEN, os: win32, os version: 10.0.22631"}
{"level":"INFO","message":"[11:37:55.522 PM]: Connection[id: e597fbbe-c1d6-4863-8b6e-6b249fff0982] additional details: passcode in password is provided, passcode is not provided, private key is not provided, application: undefined, client name: snowflake-sdk, client version: 2.4.0, retry timeout: 300, private key path: undefined, private key pass is not provided, client store temporary credential: false, browser response timeout: 120000"}
{"level":"INFO","message":"[11:37:55.523 PM]: Connection[id: e597fbbe-c1d6-4863-8b6e-6b249fff0982] - connection object created successfully."}
{"level":"INFO","message":"[11:37:55.524 PM]: Connection[id: e597fbbe-c1d6-4863-8b6e-6b249fff0982] - async connecting. Associated Snowflake domain: GLOBAL"}
{"level":"INFO","message":"[11:37:55.524 PM]: Connection[id: e597fbbe-c1d6-4863-8b6e-6b249fff0982] - authentication successful using: SNOWFLAKE"}
{"level":"INFO","message":"[11:37:55.804 PM]: Connection[id: e597fbbe-c1d6-4863-8b6e-6b249fff0982] - connection established successfully after 280.47 milliseconds"}
{"level":"INFO","message":"[11:38:46.475 PM]: Creating new connection object"}
{"level":"INFO","message":"[11:38:46.476 PM]: Creating Connection[id: 20b5829d-6718-4c1d-ad5f-c9af88be4a39] with host: QPNLZEM-ZD67566.snowflakecomputing.com, account: QPNLZEM-ZD67566, accessUrl: https://QPNLZEM-ZD67566.snowflakecomputing.com, user: ADITIGEORGE, role: undefined, database: EMR_ANALYTICS, schema: PUBLIC, warehouse: COMPUTE_WH, proxy was not configured, password is provided, region: undefined, authenticator: SNOWFLAKE, ocsp mode: FAIL_OPEN, os: win32, os version: 10.0.22631"}
{"level":"INFO","message":"[11:38:46.477 PM]: Connection[id: 20b5829d-6718-4c1d-ad5f-c9af88be4a39] additional details: passcode in password is provided, passcode is not provided, private key is not provided, application: undefined, client name: snowflake-sdk, client version: 2.4.0, retry timeout: 300, private key path: undefined, private key pass is not provided, client store temporary credential: false, browser response timeout: 120000"}
{"level":"INFO","message":"[11:38:46.477 PM]: Connection[id: 20b5829d-6718-4c1d-ad5f-c9af88be4a39] - connection object created successfully."}
{"level":"INFO","message":"[11:38:46.478 PM]: Connection[id: 20b5829d-6718-4c1d-ad5f-c9af88be4a39] - async connecting. Associated Snowflake domain: GLOBAL"}
{"level":"INFO","message":"[11:38:46.478 PM]: Connection[id: 20b5829d-6718-4c1d-ad5f-c9af88be4a39] - authentication successful using: SNOWFLAKE"}
{"level":"INFO","message":"[11:38:47.173 PM]: Connection[id: 20b5829d-6718-4c1d-ad5f-c9af88be4a39] - connection established successfully after 695.87 milliseconds"}
{"level":"INFO","message":"[11:38:47.432 PM]: Creating new connection object"}
{"level":"INFO","message":"[11:38:47.439 PM]: Creating Connection[id: 86576d1f-ecee-4495-ab47-c6f79309d235] with host: QPNLZEM-ZD67566.snowflakecomputing.com, account: QPNLZEM-ZD67566, accessUrl: https://QPNLZEM-ZD67566.snowflakecomputing.com, user: ADITIGEORGE, role: undefined, database: EMR_ANALYTICS, schema: PUBLIC, warehouse: COMPUTE_WH, proxy was not configured, password is provided, region: undefined, authenticator: SNOWFLAKE, ocsp mode: FAIL_OPEN, os: win32, os version: 10.0.22631"}
{"level":"INFO","message":"[11:38:47.440 PM]: Connection[id: 86576d1f-ecee-4495-ab47-c6f79309d235] additional details: passcode in password is provided, passcode is not provided, private key is not provided, application: undefined, client name: snowflake-sdk, client version: 2.4.0, retry timeout: 300, private key path: undefined, private key pass is not provided, client store temporary credential: false, browser response timeout: 120000"}
{"level":"INFO","message":"[11:38:47.440 PM]: Connection[id: 86576d1f-ecee-4495-ab47-c6f79309d235] - connection object created successfully."}
{"level":"INFO","message":"[11:38:47.440 PM]: Connection[id: 86576d1f-ecee-4495-ab47-c6f79309d235] - async connecting. Associated Snowflake domain: GLOBAL"}
{"level":"INFO","message":"[11:38:47.441 PM]: Connection[id: 86576d1f-ecee-4495-ab47-c6f79309d235] - authentication successful using: SNOWFLAKE"}
{"level":"INFO","message":"[11:38:48.103 PM]: Connection[id: 86576d1f-ecee-4495-ab47-c6f79309d235] - connection established successfully after 662.13 milliseconds"}
{"level":"INFO","message":"[11:39:01.409 PM]: Creating new connection object"}
{"level":"INFO","message":"[11:39:01.413 PM]: Creating Connection[id: b9b474eb-414b-4e67-b585-78bdc8740f92] with host: QPNLZEM-ZD67566.snowflakecomputing.com, account: QPNLZEM-ZD67566, accessUrl: https://QPNLZEM-ZD67566.snowflakecomputing.com, user: ADITIGEORGE, role: undefined, database: EMR_ANALYTICS, schema: PUBLIC, warehouse: COMPUTE_WH, proxy was not configured, password is provided, region: undefined, authenticator: SNOWFLAKE, ocsp mode: FAIL_OPEN, os: win32, os version: 10.0.22631"}
{"level":"INFO","message":"[11:39:01.414 PM]: Connection[id: b9b474eb-414b-4e67-b585-78bdc8740f92] additional details: passcode in password is provided, passcode is not provided, private key is not provided, application: undefined, client name: snowflake-sdk, client version: 2.4.0, retry timeout: 300, private key path: undefined, private key pass is not provided, client store temporary credential: false, browser response timeout: 120000"}
{"level":"INFO","message":"[11:39:01.415 PM]: Connection[id: b9b474eb-414b-4e67-b585-78bdc8740f92] - connection object created successfully."}
{"level":"INFO","message":"[11:39:01.418 PM]: Connection[id: b9b474eb-414b-4e67-b585-78bdc8740f92] - async connecting. Associated Snowflake domain: GLOBAL"}
{"level":"INFO","message":"[11:39:01.425 PM]: Connection[id: b9b474eb-414b-4e67-b585-78bdc8740f92] - authentication successful using: SNOWFLAKE"}
{"level":"INFO","message":"[11:39:01.785 PM]: Connection[id: b9b474eb-414b-4e67-b585-78bdc8740f92] - connection established successfully after 367.57 milliseconds"}
{"level":"INFO","message":"[11:39:01.974 PM]: Creating new connection object"}
{"level":"INFO","message":"[11:39:01.978 PM]: Creating Connection[id: 258f6f51-dcda-4bf3-9aab-79d2674baf77] with host: QPNLZEM-ZD67566.snowflakecomputing.com, account: QPNLZEM-ZD67566, accessUrl: https://QPNLZEM-ZD67566.snowflakecomputing.com, user: ADITIGEORGE, role: undefined, database: EMR_ANALYTICS, schema: PUBLIC, warehouse: COMPUTE_WH, proxy was not configured, password is provided, region: undefined, authenticator: SNOWFLAKE, ocsp mode: FAIL_OPEN, os: win32, os version: 10.0.22631"}
{"level":"INFO","message":"[11:39:01.980 PM]: Connection[id: 258f6f51-dcda-4bf3-9aab-79d2674baf77] additional details: passcode in password is provided, passcode is not provided, private key is not provided, application: undefined, client name: snowflake-sdk, client version: 2.4.0, retry timeout: 300, private key path: undefined, private key pass is not provided, client store temporary credential: false, browser response timeout: 120000"}
{"level":"INFO","message":"[11:39:01.981 PM]: Connection[id: 258f6f51-dcda-4bf3-9aab-79d2674baf77] - connection object created successfully."}
{"level":"INFO","message":"[11:39:01.996 PM]: Connection[id: 258f6f51-dcda-4bf3-9aab-79d2674baf77] - async connecting. Associated Snowflake domain: GLOBAL"}
{"level":"INFO","message":"[11:39:01.999 PM]: Connection[id: 258f6f51-dcda-4bf3-9aab-79d2674baf77] - authentication successful using: SNOWFLAKE"}
{"level":"INFO","message":"[11:39:02.374 PM]: Connection[id: 258f6f51-dcda-4bf3-9aab-79d2674baf77] - connection established successfully after 377.85 milliseconds"}
